<?xml version="1.0" encoding="UTF-8"?>
<!-- Generated by org.testng.reporters.JUnitXMLReporter -->
<testsuite ignored="0" hostname="LAPTOP-H1B5I8AJ" failures="1" tests="4" name="Test" time="3.714" errors="0" timestamp="22 May 2021 02:21:53 GMT">
  <testcase classname="RestAPIPracticePackage.RestApi_Learning.GetByLatLon_test" name="getweatherDetails_ByCoordinates" time="2.761"/>
  <testcase classname="RestAPIPracticePackage.RestApi_Learning.GetByZipCode_test" name="getweatherDetails_ByZipCode" time="0.199"/>
  <testcase classname="RestAPIPracticePackage.RestApi_Learning.GetByZipCode_test" name="getweatherDetails_ByZipCode" time="0.374">
    <failure type="junit.framework.ComparisonFailure" message="City Name expected:&amp;lt;[New York]&amp;gt; but was:&amp;lt;[Tizi Ouzou]&amp;gt;">
      <![CDATA[junit.framework.ComparisonFailure: City Name expected:<[New York]> but was:<[Tizi Ouzou]>
at junit.framework.Assert.assertEquals(Assert.java:85)
at RestAPIPracticePackage.RestApi_Learning.GetByZipCode_test.getweatherDetails_ByZipCode(GetByZipCode_test.java:39)
... Removed 29 stack frames]]>
    </failure>
  </testcase> <!-- getweatherDetails_ByZipCode -->
  <testcase classname="RestAPIPracticePackage.RestApi_Learning.GetCityName_test" name="getweatherByCityName" time="0.345"/>
</testsuite> <!-- Test -->
