<?xml version="1.0" encoding="UTF-8"?>
<testsuite xmlns:xsi="http://www.w3.org/2001/XMLSchema-instance" xsi:noNamespaceSchemaLocation="https://maven.apache.org/surefire/maven-surefire-plugin/xsd/surefire-test-report-3.0.xsd" version="3.0" name="TestSuite" time="4.391" tests="4" errors="0" skipped="0" failures="1">
  <properties>
[...]
</properties>
  <testcase name="getweatherDetails_ByCoordinates" classname="RestAPIPracticePackage.RestApi_Learning.GetByLatLon_test" time="2.764">
    <system-out><![CDATA[Response Body is: {"coord":{"lon":-74.006,"lat":40.7143},"weather":[{"id":804,"main":"Clouds","description":"overcast clouds","icon":"04n"}],"base":"stations","main":{"temp":292.71,"feels_like":292.24,"temp_min":289.02,"temp_max":296.47,"pressure":1028,"humidity":58},"visibility":10000,"wind":{"speed":0.45,"deg":119,"gust":0.89},"clouds":{"all":90},"dt":1621649843,"sys":{"type":2,"id":2039034,"country":"US","sunrise":1621589623,"sunset":1621642311},"timezone":-14400,"id":5128581,"name":"New York","cod":200}
City_Name: New York
Latitude: 40.7143
Longitude: -74.006
]]></system-out>
  </testcase>
  <testcase name="getweatherDetails_ByZipCode[94040, Mountain View](1)" classname="RestAPIPracticePackage.RestApi_Learning.GetByZipCode_test" time="0.199">
    <system-out><![CDATA[Response Body is: {"coord":{"lon":-122.0832,"lat":37.3894},"weather":[{"id":801,"main":"Clouds","description":"few clouds","icon":"02d"}],"base":"stations","main":{"temp":289.03,"feels_like":287.98,"temp_min":284.82,"temp_max":293.99,"pressure":1014,"humidity":50},"visibility":10000,"wind":{"speed":4.02,"deg":234,"gust":4.92},"clouds":{"all":20},"dt":1621649936,"sys":{"type":2,"id":2010364,"country":"US","sunrise":1621601687,"sunset":1621653326},"timezone":-25200,"id":5375480,"name":"Mountain View","cod":200}
ZipCode : 94040
CityName: Mountain View
]]></system-out>
  </testcase>
  <testcase name="getweatherDetails_ByZipCode[10007, New York](2)" classname="RestAPIPracticePackage.RestApi_Learning.GetByZipCode_test" time="0.38">
    <failure message="City Name expected:&lt;[New York]&gt; but was:&lt;[Tizi Ouzou]&gt;" type="junit.framework.ComparisonFailure"><![CDATA[junit.framework.ComparisonFailure: City Name expected:<[New York]> but was:<[Tizi Ouzou]>
	at RestAPIPracticePackage.RestApi_Learning.GetByZipCode_test.getweatherDetails_ByZipCode(GetByZipCode_test.java:39)
]]></failure>
    <system-out><![CDATA[Response Body is: {"coord":{"lon":3.8344,"lat":36.3516},"weather":[{"id":804,"main":"Clouds","description":"overcast clouds","icon":"04n"}],"base":"stations","main":{"temp":288.76,"feels_like":287.42,"temp_min":288.76,"temp_max":288.76,"pressure":1013,"humidity":40,"sea_level":1013,"grnd_level":952},"visibility":10000,"wind":{"speed":3.99,"deg":159,"gust":5.81},"clouds":{"all":96},"dt":1621650113,"sys":{"type":1,"id":1060,"country":"DZ","sunrise":1621657997,"sunset":1621709382},"timezone":3600,"id":2508268,"name":"Tizi Ouzou","cod":200}
ZipCode : 10007
CityName: Tizi Ouzou
]]></system-out>
  </testcase>
  <testcase name="getweatherByCityName" classname="RestAPIPracticePackage.RestApi_Learning.GetCityName_test" time="0.344">
    <system-out><![CDATA[Response Body is: {"coord":{"lon":-74.9227,"lat":40.1745},"weather":[{"id":800,"main":"Clear","description":"clear sky","icon":"01n"}],"base":"stations","main":{"temp":294.07,"feels_like":293.65,"temp_min":289.97,"temp_max":296.49,"pressure":1028,"humidity":55},"visibility":10000,"wind":{"speed":0.45,"deg":266,"gust":1.34},"clouds":{"all":1},"dt":1621650113,"sys":{"type":2,"id":2010159,"country":"US","sunrise":1621589933,"sunset":1621642441},"timezone":-14400,"id":5197140,"name":"Langhorne","cod":200}
200
CityName: Langhorne
]]></system-out>
  </testcase>
</testsuite>