-------------------------------------------------------------------------------
Test set: TestSuite
-------------------------------------------------------------------------------
Tests run: 4, Failures: 1, Errors: 0, Skipped: 0, Time elapsed: 4.391 s <<< FAILURE! - in TestSuite
RestAPIPracticePackage.RestApi_Learning.GetByZipCode_test.getweatherDetails_ByZipCode[10007, New York](2)  Time elapsed: 0.38 s  <<< FAILURE!
junit.framework.ComparisonFailure: City Name expected:<[New York]> but was:<[Tizi Ouzou]>
	at RestAPIPracticePackage.RestApi_Learning.GetByZipCode_test.getweatherDetails_ByZipCode(GetByZipCode_test.java:39)

